Symlinking /home/mahta/Downloads/catkin_ws/devel/share/roseus/ros/face_pkg/manifest.l
Symlinking /home/mahta/Downloads/catkin_ws/devel/share/roseus/ros/face_pkg/msg/ActionHeader.l
Symlinking /home/mahta/Downloads/catkin_ws/devel/share/roseus/ros/face_pkg/msg/Exp.l
Symlinking /home/mahta/Downloads/catkin_ws/devel/share/gennodejs/ros/face_pkg/_index.js
Symlinking /home/mahta/Downloads/catkin_ws/devel/share/gennodejs/ros/face_pkg/msg/ActionHeader.js
Symlinking /home/mahta/Downloads/catkin_ws/devel/share/gennodejs/ros/face_pkg/msg/Exp.js
Symlinking /home/mahta/Downloads/catkin_ws/devel/share/gennodejs/ros/face_pkg/msg/_index.js
Symlinking /home/mahta/Downloads/catkin_ws/devel/share/common-lisp/ros/face_pkg/msg/_package_ActionHeader.lisp
Symlinking /home/mahta/Downloads/catkin_ws/devel/share/common-lisp/ros/face_pkg/msg/face_pkg-msg.asd
Symlinking /home/mahta/Downloads/catkin_ws/devel/share/common-lisp/ros/face_pkg/msg/_package_Exp.lisp
Symlinking /home/mahta/Downloads/catkin_ws/devel/share/common-lisp/ros/face_pkg/msg/_package.lisp
Symlinking /home/mahta/Downloads/catkin_ws/devel/share/common-lisp/ros/face_pkg/msg/Exp.lisp
Symlinking /home/mahta/Downloads/catkin_ws/devel/share/common-lisp/ros/face_pkg/msg/ActionHeader.lisp
Symlinking /home/mahta/Downloads/catkin_ws/devel/share/face_pkg/cmake/face_pkgConfig.cmake
Symlinking /home/mahta/Downloads/catkin_ws/devel/share/face_pkg/cmake/face_pkgConfig-version.cmake
Symlinking /home/mahta/Downloads/catkin_ws/devel/share/face_pkg/cmake/face_pkg-msg-extras.cmake
Symlinking /home/mahta/Downloads/catkin_ws/devel/share/face_pkg/cmake/face_pkg-msg-paths.cmake
Symlinking /home/mahta/Downloads/catkin_ws/devel/include/face_pkg/Exp.h
Symlinking /home/mahta/Downloads/catkin_ws/devel/include/face_pkg/ActionHeader.h
Symlinking /home/mahta/Downloads/catkin_ws/devel/lib/pkgconfig/face_pkg.pc
Symlinking /home/mahta/Downloads/catkin_ws/devel/lib/python3/dist-packages/face_pkg/__init__.py
Symlinking /home/mahta/Downloads/catkin_ws/devel/lib/python3/dist-packages/face_pkg/msg/_Exp.py
Symlinking /home/mahta/Downloads/catkin_ws/devel/lib/python3/dist-packages/face_pkg/msg/_ActionHeader.py
Symlinking /home/mahta/Downloads/catkin_ws/devel/lib/python3/dist-packages/face_pkg/msg/__init__.py
Symlinking /home/mahta/Downloads/catkin_ws/devel/lib/face_pkg/main.py
Symlinking /home/mahta/Downloads/catkin_ws/devel/lib/face_pkg/face_imitation.py
Symlinking /home/mahta/Downloads/catkin_ws/devel/lib/face_pkg/cmake.lock
