Linked: (/home/mahta/Downloads/catkin_ws/devel/.private/face_pkg/share/roseus/ros/face_pkg/manifest.l, /home/mahta/Downloads/catkin_ws/devel/share/roseus/ros/face_pkg/manifest.l)
Linked: (/home/mahta/Downloads/catkin_ws/devel/.private/face_pkg/share/roseus/ros/face_pkg/msg/ActionHeader.l, /home/mahta/Downloads/catkin_ws/devel/share/roseus/ros/face_pkg/msg/ActionHeader.l)
Linked: (/home/mahta/Downloads/catkin_ws/devel/.private/face_pkg/share/roseus/ros/face_pkg/msg/Exp.l, /home/mahta/Downloads/catkin_ws/devel/share/roseus/ros/face_pkg/msg/Exp.l)
Linked: (/home/mahta/Downloads/catkin_ws/devel/.private/face_pkg/share/gennodejs/ros/face_pkg/_index.js, /home/mahta/Downloads/catkin_ws/devel/share/gennodejs/ros/face_pkg/_index.js)
Linked: (/home/mahta/Downloads/catkin_ws/devel/.private/face_pkg/share/gennodejs/ros/face_pkg/msg/ActionHeader.js, /home/mahta/Downloads/catkin_ws/devel/share/gennodejs/ros/face_pkg/msg/ActionHeader.js)
Linked: (/home/mahta/Downloads/catkin_ws/devel/.private/face_pkg/share/gennodejs/ros/face_pkg/msg/Exp.js, /home/mahta/Downloads/catkin_ws/devel/share/gennodejs/ros/face_pkg/msg/Exp.js)
Linked: (/home/mahta/Downloads/catkin_ws/devel/.private/face_pkg/share/gennodejs/ros/face_pkg/msg/_index.js, /home/mahta/Downloads/catkin_ws/devel/share/gennodejs/ros/face_pkg/msg/_index.js)
Linked: (/home/mahta/Downloads/catkin_ws/devel/.private/face_pkg/share/common-lisp/ros/face_pkg/msg/_package_ActionHeader.lisp, /home/mahta/Downloads/catkin_ws/devel/share/common-lisp/ros/face_pkg/msg/_package_ActionHeader.lisp)
Linked: (/home/mahta/Downloads/catkin_ws/devel/.private/face_pkg/share/common-lisp/ros/face_pkg/msg/face_pkg-msg.asd, /home/mahta/Downloads/catkin_ws/devel/share/common-lisp/ros/face_pkg/msg/face_pkg-msg.asd)
Linked: (/home/mahta/Downloads/catkin_ws/devel/.private/face_pkg/share/common-lisp/ros/face_pkg/msg/_package_Exp.lisp, /home/mahta/Downloads/catkin_ws/devel/share/common-lisp/ros/face_pkg/msg/_package_Exp.lisp)
Linked: (/home/mahta/Downloads/catkin_ws/devel/.private/face_pkg/share/common-lisp/ros/face_pkg/msg/_package.lisp, /home/mahta/Downloads/catkin_ws/devel/share/common-lisp/ros/face_pkg/msg/_package.lisp)
Linked: (/home/mahta/Downloads/catkin_ws/devel/.private/face_pkg/share/common-lisp/ros/face_pkg/msg/Exp.lisp, /home/mahta/Downloads/catkin_ws/devel/share/common-lisp/ros/face_pkg/msg/Exp.lisp)
Linked: (/home/mahta/Downloads/catkin_ws/devel/.private/face_pkg/share/common-lisp/ros/face_pkg/msg/ActionHeader.lisp, /home/mahta/Downloads/catkin_ws/devel/share/common-lisp/ros/face_pkg/msg/ActionHeader.lisp)
Linked: (/home/mahta/Downloads/catkin_ws/devel/.private/face_pkg/share/face_pkg/cmake/face_pkgConfig.cmake, /home/mahta/Downloads/catkin_ws/devel/share/face_pkg/cmake/face_pkgConfig.cmake)
Linked: (/home/mahta/Downloads/catkin_ws/devel/.private/face_pkg/share/face_pkg/cmake/face_pkgConfig-version.cmake, /home/mahta/Downloads/catkin_ws/devel/share/face_pkg/cmake/face_pkgConfig-version.cmake)
Linked: (/home/mahta/Downloads/catkin_ws/devel/.private/face_pkg/share/face_pkg/cmake/face_pkg-msg-extras.cmake, /home/mahta/Downloads/catkin_ws/devel/share/face_pkg/cmake/face_pkg-msg-extras.cmake)
Linked: (/home/mahta/Downloads/catkin_ws/devel/.private/face_pkg/share/face_pkg/cmake/face_pkg-msg-paths.cmake, /home/mahta/Downloads/catkin_ws/devel/share/face_pkg/cmake/face_pkg-msg-paths.cmake)
Linked: (/home/mahta/Downloads/catkin_ws/devel/.private/face_pkg/include/face_pkg/Exp.h, /home/mahta/Downloads/catkin_ws/devel/include/face_pkg/Exp.h)
Linked: (/home/mahta/Downloads/catkin_ws/devel/.private/face_pkg/include/face_pkg/ActionHeader.h, /home/mahta/Downloads/catkin_ws/devel/include/face_pkg/ActionHeader.h)
Linked: (/home/mahta/Downloads/catkin_ws/devel/.private/face_pkg/lib/pkgconfig/face_pkg.pc, /home/mahta/Downloads/catkin_ws/devel/lib/pkgconfig/face_pkg.pc)
Linked: (/home/mahta/Downloads/catkin_ws/devel/.private/face_pkg/lib/python3/dist-packages/face_pkg/__init__.py, /home/mahta/Downloads/catkin_ws/devel/lib/python3/dist-packages/face_pkg/__init__.py)
Linked: (/home/mahta/Downloads/catkin_ws/devel/.private/face_pkg/lib/python3/dist-packages/face_pkg/msg/_Exp.py, /home/mahta/Downloads/catkin_ws/devel/lib/python3/dist-packages/face_pkg/msg/_Exp.py)
Linked: (/home/mahta/Downloads/catkin_ws/devel/.private/face_pkg/lib/python3/dist-packages/face_pkg/msg/_ActionHeader.py, /home/mahta/Downloads/catkin_ws/devel/lib/python3/dist-packages/face_pkg/msg/_ActionHeader.py)
Linked: (/home/mahta/Downloads/catkin_ws/devel/.private/face_pkg/lib/python3/dist-packages/face_pkg/msg/__init__.py, /home/mahta/Downloads/catkin_ws/devel/lib/python3/dist-packages/face_pkg/msg/__init__.py)
Linked: (/home/mahta/Downloads/catkin_ws/devel/.private/face_pkg/lib/face_pkg/main.py, /home/mahta/Downloads/catkin_ws/devel/lib/face_pkg/main.py)
Linked: (/home/mahta/Downloads/catkin_ws/devel/.private/face_pkg/lib/face_pkg/face_imitation.py, /home/mahta/Downloads/catkin_ws/devel/lib/face_pkg/face_imitation.py)
Linked: (/home/mahta/Downloads/catkin_ws/devel/.private/face_pkg/lib/face_pkg/cmake.lock, /home/mahta/Downloads/catkin_ws/devel/lib/face_pkg/cmake.lock)
Linked: (/home/mahta/Downloads/catkin_ws/devel/.private/face_pkg/lib/face_pkg/__pycache__/face_imitation.cpython-38.pyc, /home/mahta/Downloads/catkin_ws/devel/lib/face_pkg/__pycache__/face_imitation.cpython-38.pyc)
