[35m[1mScanning dependencies of target _face_pkg_generate_messages_check_deps_ActionHeader[0m
[35m[1mScanning dependencies of target std_msgs_generate_messages_py[0m
[35m[1mScanning dependencies of target std_msgs_generate_messages_eus[0m
[35m[1mScanning dependencies of target std_msgs_generate_messages_cpp[0m
[35m[1mScanning dependencies of target std_msgs_generate_messages_lisp[0m
[35m[1mScanning dependencies of target _face_pkg_generate_messages_check_deps_Exp[0m
[35m[1mScanning dependencies of target std_msgs_generate_messages_nodejs[0m
[  0%] Built target std_msgs_generate_messages_eus
[  0%] Built target std_msgs_generate_messages_cpp
[  0%] Built target std_msgs_generate_messages_lisp
[  0%] Built target std_msgs_generate_messages_py
[  0%] Built target std_msgs_generate_messages_nodejs
[  0%] Built target _face_pkg_generate_messages_check_deps_Exp
[  0%] Built target _face_pkg_generate_messages_check_deps_ActionHeader
[35m[1mScanning dependencies of target face_pkg_generate_messages_lisp[0m
[35m[1mScanning dependencies of target face_pkg_generate_messages_py[0m
[35m[1mScanning dependencies of target face_pkg_generate_messages_nodejs[0m
[35m[1mScanning dependencies of target face_pkg_generate_messages_cpp[0m
[35m[1mScanning dependencies of target face_pkg_generate_messages_eus[0m
[  8%] [34m[1mGenerating Python from MSG face_pkg/Exp[0m
[ 58%] [34m[1mGenerating Python from MSG face_pkg/ActionHeader[0m
[ 58%] [34m[1mGenerating Lisp code from face_pkg/Exp.msg[0m
[ 58%] [34m[1mGenerating EusLisp code from face_pkg/ActionHeader.msg[0m
[ 58%] [34m[1mGenerating EusLisp code from face_pkg/Exp.msg[0m
[ 58%] [34m[1mGenerating C++ code from face_pkg/Exp.msg[0m
[ 58%] [34m[1mGenerating Javascript code from face_pkg/Exp.msg[0m
[ 75%] [34m[1mGenerating Lisp code from face_pkg/ActionHeader.msg[0m
[ 75%] [34m[1mGenerating C++ code from face_pkg/ActionHeader.msg[0m
[ 83%] [34m[1mGenerating EusLisp manifest code for face_pkg[0m
[ 91%] [34m[1mGenerating Javascript code from face_pkg/ActionHeader.msg[0m
[ 91%] Built target face_pkg_generate_messages_nodejs
[ 91%] Built target face_pkg_generate_messages_lisp
[ 91%] Built target face_pkg_generate_messages_cpp
[100%] [34m[1mGenerating Python msg __init__.py for face_pkg[0m
[100%] Built target face_pkg_generate_messages_py
[100%] Built target face_pkg_generate_messages_eus
[35m[1mScanning dependencies of target face_pkg_generate_messages[0m
[100%] Built target face_pkg_generate_messages
