-- Using CATKIN_DEVEL_PREFIX: /home/mahta/Downloads/catkin_ws/devel/.private/face_pkg
-- Using CMAKE_PREFIX_PATH: /home/mahta/Downloads/catkin_ws/devel;/home/mahta/catkin_ws/devel;/opt/ros/noetic
-- This workspace overlays: /home/mahta/Downloads/catkin_ws/devel;/home/mahta/catkin_ws/devel;/opt/ros/noetic
-- Found PythonInterp: /usr/bin/python3 (found suitable version "3.8.2", minimum required is "3") 
-- Using PYTHON_EXECUTABLE: /usr/bin/python3
-- Using Debian Python package layout
-- Using empy: /usr/lib/python3/dist-packages/em.py
-- Using CATKIN_ENABLE_TESTING: ON
-- Call enable_testing()
-- Using CATKIN_TEST_RESULTS_DIR: /home/mahta/Downloads/catkin_ws/build/face_pkg/test_results
-- Forcing gtest/gmock from source, though one was otherwise available.
-- Found gtest sources under '/usr/src/googletest': gtests will be built
-- Found gmock sources under '/usr/src/googletest': gmock will be built
-- Found PythonInterp: /usr/bin/python3 (found version "3.8.2") 
-- Using Python nosetests: /usr/bin/nosetests3
-- catkin 0.8.10
-- BUILD_SHARED_LIBS is on
-- Using these message generators: gencpp;geneus;genlisp;gennodejs;genpy
-- face_pkg: 2 messages, 0 services
-- Installing devel-space wrapper /home/mahta/Downloads/catkin_ws/src/face_pkg/scripts/main.py to /home/mahta/Downloads/catkin_ws/devel/.private/face_pkg/lib/face_pkg
-- Installing devel-space wrapper /home/mahta/Downloads/catkin_ws/src/face_pkg/scripts/face_imitation.py to /home/mahta/Downloads/catkin_ws/devel/.private/face_pkg/lib/face_pkg
-- Configuring done
-- Generating done
-- Build files have been written to: /home/mahta/Downloads/catkin_ws/build/face_pkg
[35m[1mScanning dependencies of target _face_pkg_generate_messages_check_deps_ActionHeader[0m
[35m[1mScanning dependencies of target std_msgs_generate_messages_eus[0m
[35m[1mScanning dependencies of target std_msgs_generate_messages_py[0m
[35m[1mScanning dependencies of target std_msgs_generate_messages_cpp[0m
[35m[1mScanning dependencies of target std_msgs_generate_messages_lisp[0m
[35m[1mScanning dependencies of target _face_pkg_generate_messages_check_deps_Exp[0m
[35m[1mScanning dependencies of target std_msgs_generate_messages_nodejs[0m
[  0%] Built target std_msgs_generate_messages_lisp
[  0%] Built target std_msgs_generate_messages_cpp
[  0%] Built target std_msgs_generate_messages_eus
[  0%] Built target std_msgs_generate_messages_py
[  0%] Built target std_msgs_generate_messages_nodejs
[  0%] Built target _face_pkg_generate_messages_check_deps_Exp
[  0%] Built target _face_pkg_generate_messages_check_deps_ActionHeader
[35m[1mScanning dependencies of target face_pkg_generate_messages_lisp[0m
[35m[1mScanning dependencies of target face_pkg_generate_messages_eus[0m
[35m[1mScanning dependencies of target face_pkg_generate_messages_py[0m
[35m[1mScanning dependencies of target face_pkg_generate_messages_cpp[0m
[35m[1mScanning dependencies of target face_pkg_generate_messages_nodejs[0m
[  8%] [34m[1mGenerating Python from MSG face_pkg/Exp[0m
[ 25%] [34m[1mGenerating Lisp code from face_pkg/Exp.msg[0m
[ 25%] [34m[1mGenerating C++ code from face_pkg/Exp.msg[0m
[ 33%] [34m[1mGenerating EusLisp code from face_pkg/Exp.msg[0m
[ 41%] [34m[1mGenerating Python from MSG face_pkg/ActionHeader[0m
[ 50%] [34m[1mGenerating EusLisp manifest code for face_pkg[0m
[ 58%] [34m[1mGenerating EusLisp code from face_pkg/ActionHeader.msg[0m
[ 75%] [34m[1mGenerating Lisp code from face_pkg/ActionHeader.msg[0m
[ 75%] [34m[1mGenerating Javascript code from face_pkg/ActionHeader.msg[0m
[ 91%] [34m[1mGenerating C++ code from face_pkg/ActionHeader.msg[0m
[ 91%] [34m[1mGenerating Javascript code from face_pkg/Exp.msg[0m
[ 91%] Built target face_pkg_generate_messages_lisp
[ 91%] Built target face_pkg_generate_messages_nodejs
[ 91%] Built target face_pkg_generate_messages_cpp
[100%] [34m[1mGenerating Python msg __init__.py for face_pkg[0m
[100%] Built target face_pkg_generate_messages_eus
[100%] Built target face_pkg_generate_messages_py
[35m[1mScanning dependencies of target face_pkg_generate_messages[0m
[100%] Built target face_pkg_generate_messages
