Not searching for unused variables given on the command line.
[36m--[0m The C compiler identification is GNU 9.3.0
[36m--[0m The CXX compiler identification is GNU 9.3.0
[36m--[0m Check for working C compiler: /usr/bin/cc
[36m--[0m Check for working C compiler: /usr/bin/cc -- works
[36m--[0m Detecting C compiler ABI info
[36m--[0m Detecting C compiler ABI info - done
[36m--[0m Detecting C compile features
[36m--[0m Detecting C compile features - done
[36m--[0m Check for working CXX compiler: /usr/bin/c++
[36m--[0m Check for working CXX compiler: /usr/bin/c++ -- works
[36m--[0m Detecting CXX compiler ABI info
[36m--[0m Detecting CXX compiler ABI info - done
[36m--[0m Detecting CXX compile features
[36m--[0m Detecting CXX compile features - done
[36m--[0m Using CATKIN_DEVEL_PREFIX: /home/mahta/Downloads/catkin_ws/devel/.private/face_pkg
[36m--[0m Using CMAKE_PREFIX_PATH: /home/mahta/Downloads/catkin_ws/devel;/home/mahta/catkin_ws/devel;/opt/ros/noetic
[36m--[0m This workspace overlays: /home/mahta/Downloads/catkin_ws/devel;/home/mahta/catkin_ws/devel;/opt/ros/noetic
[36m--[0m Found PythonInterp: /usr/bin/python3 (found suitable version "3.8.2", minimum required is "3")
[36m--[0m Using PYTHON_EXECUTABLE: /usr/bin/python3
[36m--[0m Using Debian Python package layout
[36m--[0m Found PY_em: /usr/lib/python3/dist-packages/em.py
[36m--[0m Using empy: /usr/lib/python3/dist-packages/em.py
[36m--[0m Using CATKIN_ENABLE_TESTING: ON
[36m--[0m Call enable_testing()
[36m--[0m Using CATKIN_TEST_RESULTS_DIR: /home/mahta/Downloads/catkin_ws/build/face_pkg/test_results
[36m--[0m Forcing gtest/gmock from source, though one was otherwise available.
[36m--[0m Found gtest sources under '/usr/src/googletest': gtests will be built
[36m--[0m Found gmock sources under '/usr/src/googletest': gmock will be built
[36m--[0m Found PythonInterp: /usr/bin/python3 (found version "3.8.2")
[36m--[0m Found Threads: TRUE
[36m--[0m Using Python nosetests: /usr/bin/nosetests3
[36m--[0m catkin 0.8.10
[36m--[0m BUILD_SHARED_LIBS is on
[36m--[0m Using these message generators: gencpp;geneus;genlisp;gennodejs;genpy
[31m[1mCMake Error[0m at /home/mahta/Downloads/catkin_ws/build/face_pkg/cmake/face_pkg-genmsg.cmake:3 (message):
  Could not find messages which
  '/home/mahta/Downloads/catkin_ws/src/face_pkg/msg/Exp.msg' depends on.  Did
  you forget to specify generate_messages(DEPENDENCIES ...)?

  Cannot locate message [header] in package [face_pkg] with paths
  [['/home/mahta/Downloads/catkin_ws/src/face_pkg/msg']]
[36mCall Stack (most recent call first):[0m
  /opt/ros/noetic/share/genmsg/cmake/genmsg-extras.cmake:307 (include)
  CMakeLists.txt:70 (generate_messages)


[36m--[0m Configuring incomplete, errors occurred!
See also "/home/mahta/Downloads/catkin_ws/build/face_pkg/CMakeFiles/CMakeOutput.log".
See also "/home/mahta/Downloads/catkin_ws/build/face_pkg/CMakeFiles/CMakeError.log".
